<?xml version="1.0" encoding="utf-8"?>
<coverage line-rate="0.8591" branch-rate="1" version="1.9" timestamp="1755711106" lines-covered="61" lines-valid="71" branches-covered="18" branches-valid="18">
  <sources>
    <source>/home/lovepreet/projects/vending-machine/src/VendingMachine.Domain/</source>
  </sources>
  <packages>
    <package name="VendingMachine.Domain" line-rate="0.8591" branch-rate="1" complexity="27">
      <classes>
        <class name="VendingMachine.Domain.CoinClassifier" filename="CoinClassifier.cs" line-rate="0.4736" branch-rate="1" complexity="11">
          <methods>
            <method name="Identify" signature="(VendingMachine.Domain.CoinSample)" line-rate="1" branch-rate="1" complexity="8">
              <lines>
                <line number="26" hits="16" branch="False" />
                <line number="27" hits="17" branch="True" condition-coverage="100% (2/2)">
                  <conditions>
                    <condition number="37" type="jump" coverage="100%" />
                  </conditions>
                </line>
                <line number="28" hits="16" branch="True" condition-coverage="100% (2/2)">
                  <conditions>
                    <condition number="82" type="jump" coverage="100%" />
                  </conditions>
                </line>
                <line number="29" hits="26" branch="True" condition-coverage="100% (2/2)">
                  <conditions>
                    <condition number="124" type="jump" coverage="100%" />
                  </conditions>
                </line>
                <line number="30" hits="3" branch="True" condition-coverage="100% (2/2)">
                  <conditions>
                    <condition number="168" type="jump" coverage="100%" />
                  </conditions>
                </line>
                <line number="31" hits="1" branch="False" />
                <line number="32" hits="16" branch="False" />
              </lines>
            </method>
            <method name="Matches" signature="(VendingMachine.Domain.CoinSample,System.Decimal,System.Decimal)" line-rate="1" branch-rate="1" complexity="2">
              <lines>
                <line number="35" hits="47" branch="True" condition-coverage="100% (2/2)">
                  <conditions>
                    <condition number="34" type="jump" coverage="100%" />
                  </conditions>
                </line>
                <line number="36" hits="47" branch="False" />
              </lines>
            </method>
            <method name=".cctor" signature="()" line-rate="0" branch-rate="1" complexity="1">
              <lines>
                <line number="9" hits="0" branch="False" />
                <line number="10" hits="0" branch="False" />
                <line number="12" hits="0" branch="False" />
                <line number="13" hits="0" branch="False" />
                <line number="15" hits="0" branch="False" />
                <line number="16" hits="0" branch="False" />
                <line number="18" hits="0" branch="False" />
                <line number="19" hits="0" branch="False" />
                <line number="22" hits="0" branch="False" />
                <line number="23" hits="0" branch="False" />
              </lines>
            </method>
          </methods>
          <lines>
            <line number="26" hits="16" branch="False" />
            <line number="27" hits="17" branch="True" condition-coverage="100% (2/2)">
              <conditions>
                <condition number="37" type="jump" coverage="100%" />
              </conditions>
            </line>
            <line number="28" hits="16" branch="True" condition-coverage="100% (2/2)">
              <conditions>
                <condition number="82" type="jump" coverage="100%" />
              </conditions>
            </line>
            <line number="29" hits="26" branch="True" condition-coverage="100% (2/2)">
              <conditions>
                <condition number="124" type="jump" coverage="100%" />
              </conditions>
            </line>
            <line number="30" hits="3" branch="True" condition-coverage="100% (2/2)">
              <conditions>
                <condition number="168" type="jump" coverage="100%" />
              </conditions>
            </line>
            <line number="31" hits="1" branch="False" />
            <line number="32" hits="16" branch="False" />
            <line number="35" hits="47" branch="True" condition-coverage="100% (2/2)">
              <conditions>
                <condition number="34" type="jump" coverage="100%" />
              </conditions>
            </line>
            <line number="36" hits="47" branch="False" />
            <line number="9" hits="0" branch="False" />
            <line number="10" hits="0" branch="False" />
            <line number="12" hits="0" branch="False" />
            <line number="13" hits="0" branch="False" />
            <line number="15" hits="0" branch="False" />
            <line number="16" hits="0" branch="False" />
            <line number="18" hits="0" branch="False" />
            <line number="19" hits="0" branch="False" />
            <line number="22" hits="0" branch="False" />
            <line number="23" hits="0" branch="False" />
          </lines>
        </class>
        <class name="VendingMachine.Domain.CoinSample" filename="Models.cs" line-rate="1" branch-rate="1" complexity="1">
          <methods>
            <method name="get_WeightGrams" signature="()" line-rate="1" branch-rate="1" complexity="1">
              <lines>
                <line number="24" hits="62" branch="False" />
              </lines>
            </method>
          </methods>
          <lines>
            <line number="24" hits="62" branch="False" />
          </lines>
        </class>
        <class name="VendingMachine.Domain.Pricing" filename="Models.cs" line-rate="1" branch-rate="1" complexity="1">
          <methods>
            <method name=".cctor" signature="()" line-rate="1" branch-rate="1" complexity="1">
              <lines>
                <line number="28" hits="1" branch="False" />
                <line number="29" hits="1" branch="False" />
                <line number="30" hits="1" branch="False" />
                <line number="31" hits="1" branch="False" />
                <line number="32" hits="1" branch="False" />
                <line number="33" hits="1" branch="False" />
              </lines>
            </method>
          </methods>
          <lines>
            <line number="28" hits="1" branch="False" />
            <line number="29" hits="1" branch="False" />
            <line number="30" hits="1" branch="False" />
            <line number="31" hits="1" branch="False" />
            <line number="32" hits="1" branch="False" />
            <line number="33" hits="1" branch="False" />
          </lines>
        </class>
        <class name="VendingMachine.Domain.MoneyFmt" filename="Models.cs" line-rate="1" branch-rate="1" complexity="1">
          <methods>
            <method name="Dollars" signature="(System.Decimal)" line-rate="1" branch-rate="1" complexity="1">
              <lines>
                <line number="39" hits="6" branch="False" />
              </lines>
            </method>
          </methods>
          <lines>
            <line number="39" hits="6" branch="False" />
          </lines>
        </class>
        <class name="VendingMachine.Domain.VendingMachine" filename="VendingMachine.cs" line-rate="1" branch-rate="1" complexity="13">
          <methods>
            <method name="get_CoinReturn" signature="()" line-rate="1" branch-rate="1" complexity="1">
              <lines>
                <line number="14" hits="19" branch="False" />
              </lines>
            </method>
            <method name="get_LastDispensedProduct" signature="()" line-rate="1" branch-rate="1" complexity="1">
              <lines>
                <line number="17" hits="5" branch="False" />
              </lines>
            </method>
            <method name="GetDisplay" signature="()" line-rate="1" branch-rate="1" complexity="4">
              <lines>
                <line number="29" hits="13" branch="False" />
                <line number="30" hits="13" branch="True" condition-coverage="100% (2/2)">
                  <conditions>
                    <condition number="15" type="jump" coverage="100%" />
                  </conditions>
                </line>
                <line number="31" hits="3" branch="False" />
                <line number="32" hits="3" branch="False" />
                <line number="33" hits="3" branch="False" />
                <line number="34" hits="3" branch="False" />
                <line number="37" hits="10" branch="True" condition-coverage="100% (2/2)">
                  <conditions>
                    <condition number="54" type="jump" coverage="100%" />
                  </conditions>
                </line>
                <line number="38" hits="5" branch="False" />
                <line number="40" hits="5" branch="False" />
                <line number="41" hits="13" branch="False" />
              </lines>
            </method>
            <method name="AcceptCoin" signature="(VendingMachine.Domain.CoinSample)" line-rate="1" branch-rate="1" complexity="2">
              <lines>
                <line number="44" hits="16" branch="False" />
                <line number="45" hits="16" branch="False" />
                <line number="47" hits="16" branch="True" condition-coverage="100% (2/2)">
                  <conditions>
                    <condition number="29" type="jump" coverage="100%" />
                  </conditions>
                </line>
                <line number="48" hits="14" branch="False" />
                <line number="49" hits="14" branch="False" />
                <line number="50" hits="14" branch="False" />
                <line number="52" hits="2" branch="False" />
                <line number="53" hits="2" branch="False" />
                <line number="54" hits="2" branch="False" />
                <line number="55" hits="16" branch="False" />
              </lines>
            </method>
            <method name="SelectProduct" signature="(VendingMachine.Domain.Product)" line-rate="1" branch-rate="1" complexity="2">
              <lines>
                <line number="59" hits="3" branch="False" />
                <line number="60" hits="3" branch="False" />
                <line number="62" hits="3" branch="True" condition-coverage="100% (2/2)">
                  <conditions>
                    <condition number="27" type="jump" coverage="100%" />
                  </conditions>
                </line>
                <line number="63" hits="2" branch="False" />
                <line number="64" hits="2" branch="False" />
                <line number="65" hits="2" branch="False" />
                <line number="66" hits="2" branch="False" />
                <line number="67" hits="2" branch="False" />
                <line number="69" hits="1" branch="False" />
                <line number="70" hits="1" branch="False" />
                <line number="71" hits="1" branch="False" />
                <line number="72" hits="3" branch="False" />
              </lines>
            </method>
            <method name="get_CurrentAmount" signature="()" line-rate="1" branch-rate="1" complexity="1">
              <lines>
                <line number="74" hits="9" branch="False" />
              </lines>
            </method>
            <method name=".ctor" signature="()" line-rate="1" branch-rate="1" complexity="1">
              <lines>
                <line number="6" hits="10" branch="False" />
                <line number="8" hits="10" branch="False" />
              </lines>
            </method>
            <method name=".cctor" signature="()" line-rate="1" branch-rate="1" complexity="1">
              <lines>
                <line number="20" hits="1" branch="False" />
                <line number="21" hits="1" branch="False" />
                <line number="22" hits="1" branch="False" />
                <line number="23" hits="1" branch="False" />
                <line number="24" hits="1" branch="False" />
                <line number="25" hits="1" branch="False" />
                <line number="26" hits="1" branch="False" />
              </lines>
            </method>
          </methods>
          <lines>
            <line number="14" hits="19" branch="False" />
            <line number="17" hits="5" branch="False" />
            <line number="29" hits="13" branch="False" />
            <line number="30" hits="13" branch="True" condition-coverage="100% (2/2)">
              <conditions>
                <condition number="15" type="jump" coverage="100%" />
              </conditions>
            </line>
            <line number="31" hits="3" branch="False" />
            <line number="32" hits="3" branch="False" />
            <line number="33" hits="3" branch="False" />
            <line number="34" hits="3" branch="False" />
            <line number="37" hits="10" branch="True" condition-coverage="100% (2/2)">
              <conditions>
                <condition number="54" type="jump" coverage="100%" />
              </conditions>
            </line>
            <line number="38" hits="5" branch="False" />
            <line number="40" hits="5" branch="False" />
            <line number="41" hits="13" branch="False" />
            <line number="44" hits="16" branch="False" />
            <line number="45" hits="16" branch="False" />
            <line number="47" hits="16" branch="True" condition-coverage="100% (2/2)">
              <conditions>
                <condition number="29" type="jump" coverage="100%" />
              </conditions>
            </line>
            <line number="48" hits="14" branch="False" />
            <line number="49" hits="14" branch="False" />
            <line number="50" hits="14" branch="False" />
            <line number="52" hits="2" branch="False" />
            <line number="53" hits="2" branch="False" />
            <line number="54" hits="2" branch="False" />
            <line number="55" hits="16" branch="False" />
            <line number="59" hits="3" branch="False" />
            <line number="60" hits="3" branch="False" />
            <line number="62" hits="3" branch="True" condition-coverage="100% (2/2)">
              <conditions>
                <condition number="27" type="jump" coverage="100%" />
              </conditions>
            </line>
            <line number="63" hits="2" branch="False" />
            <line number="64" hits="2" branch="False" />
            <line number="65" hits="2" branch="False" />
            <line number="66" hits="2" branch="False" />
            <line number="67" hits="2" branch="False" />
            <line number="69" hits="1" branch="False" />
            <line number="70" hits="1" branch="False" />
            <line number="71" hits="1" branch="False" />
            <line number="72" hits="3" branch="False" />
            <line number="74" hits="9" branch="False" />
            <line number="6" hits="10" branch="False" />
            <line number="8" hits="10" branch="False" />
            <line number="20" hits="1" branch="False" />
            <line number="21" hits="1" branch="False" />
            <line number="22" hits="1" branch="False" />
            <line number="23" hits="1" branch="False" />
            <line number="24" hits="1" branch="False" />
            <line number="25" hits="1" branch="False" />
            <line number="26" hits="1" branch="False" />
          </lines>
        </class>
      </classes>
    </package>
  </packages>
</coverage>